# JRE version: Java(TM) SE Runtime Environment (8.0_92-b14) (build 1.8.0_92-b14)
# Java VM: Java HotSpot(TM) 64-Bit Server VM (25.92-b14 mixed mode windows-amd64 compressed oops)
Heap:
 PSYoungGen      total 465920K, used 108323K [0x00000000d5580000, 0x0000000100000000, 0x0000000100000000)
  eden space 232960K, 22% used [0x00000000d5580000,0x00000000d89019e0,0x00000000e3900000)
  from space 232960K, 23% used [0x00000000f1c80000,0x00000000f52c7230,0x0000000100000000)
  to   space 232960K, 0% used [0x00000000e3900000,0x00000000e3900000,0x00000000f1c80000)
 ParOldGen       total 1172480K, used 979219K [0x0000000080000000, 0x00000000c7900000, 0x00000000d5580000)
  object space 1172480K, 83% used [0x0000000080000000,0x00000000bbc44ee0,0x00000000c7900000)
 Metaspace       used 6982K, capacity 7736K, committed 7936K, reserved 1056768K
  class space    used 637K, capacity 688K, committed 768K, reserved 1048576K
GC Heap History (10 events):
Event: 20.531 GC heap before
{Heap before GC invocations=33 (full 5):
 PSYoungGen      total 465920K, used 232960K [0x00000000d5580000, 0x0000000100000000, 0x0000000100000000)
  eden space 232960K, 100% used [0x00000000d5580000,0x00000000e3900000,0x00000000e3900000)
  from space 232960K, 0% used [0x00000000e3900000,0x00000000e3900000,0x00000000f1c80000)
  to   space 232960K, 0% used [0x00000000f1c80000,0x00000000f1c80000,0x0000000100000000)
 ParOldGen       total 1172480K, used 839764K [0x0000000080000000, 0x00000000c7900000, 0x00000000d5580000)
  object space 1172480K, 71% used [0x0000000080000000,0x00000000b3415038,0x00000000c7900000)
 Metaspace       used 6615K, capacity 7384K, committed 7680K, reserved 1056768K
  class space    used 621K, capacity 656K, committed 768K, reserved 1048576K
Event: 20.598 GC heap after
Heap after GC invocations=33 (full 5):
 PSYoungGen      total 465920K, used 36437K [0x00000000d5580000, 0x0000000100000000, 0x0000000100000000)
  eden space 232960K, 0% used [0x00000000d5580000,0x00000000d5580000,0x00000000e3900000)
  from space 232960K, 15% used [0x00000000f1c80000,0x00000000f40154c0,0x0000000100000000)
  to   space 232960K, 0% used [0x00000000e3900000,0x00000000e3900000,0x00000000f1c80000)
 ParOldGen       total 1172480K, used 839764K [0x0000000080000000, 0x00000000c7900000, 0x00000000d5580000)
  object space 1172480K, 71% used [0x0000000080000000,0x00000000b3415038,0x00000000c7900000)
 Metaspace       used 6615K, capacity 7384K, committed 7680K, reserved 1056768K
  class space    used 621K, capacity 656K, committed 768K, reserved 1048576K
}
Event: 20.913 GC heap before
{Heap before GC invocations=34 (full 5):
 PSYoungGen      total 465920K, used 269397K [0x00000000d5580000, 0x0000000100000000, 0x0000000100000000)
  eden space 232960K, 100% used [0x00000000d5580000,0x00000000e3900000,0x00000000e3900000)
  from space 232960K, 15% used [0x00000000f1c80000,0x00000000f40154c0,0x0000000100000000)
  to   space 232960K, 0% used [0x00000000e3900000,0x00000000e3900000,0x00000000f1c80000)
 ParOldGen       total 1172480K, used 839764K [0x0000000080000000, 0x00000000c7900000, 0x00000000d5580000)
  object space 1172480K, 71% used [0x0000000080000000,0x00000000b3415038,0x00000000c7900000)
 Metaspace       used 6616K, capacity 7384K, committed 7680K, reserved 1056768K
  class space    used 621K, capacity 656K, committed 768K, reserved 1048576K
Event: 20.984 GC heap after
Heap after GC invocations=34 (full 5):
 PSYoungGen      total 465920K, used 35991K [0x00000000d5580000, 0x0000000100000000, 0x0000000100000000)
  eden space 232960K, 0% used [0x00000000d5580000,0x00000000d5580000,0x00000000e3900000)
  from space 232960K, 15% used [0x00000000e3900000,0x00000000e5c25eb0,0x00000000f1c80000)
  to   space 232960K, 0% used [0x00000000f1c80000,0x00000000f1c80000,0x0000000100000000)
 ParOldGen       total 1172480K, used 874980K [0x0000000080000000, 0x00000000c7900000, 0x00000000d5580000)
  object space 1172480K, 74% used [0x0000000080000000,0x00000000b56791f8,0x00000000c7900000)
 Metaspace       used 6616K, capacity 7384K, committed 7680K, reserved 1056768K
  class space    used 621K, capacity 656K, committed 768K, reserved 1048576K
}
Event: 21.281 GC heap before
{Heap before GC invocations=35 (full 5):
 PSYoungGen      total 465920K, used 268951K [0x00000000d5580000, 0x0000000100000000, 0x0000000100000000)
  eden space 232960K, 100% used [0x00000000d5580000,0x00000000e3900000,0x00000000e3900000)
  from space 232960K, 15% used [0x00000000e3900000,0x00000000e5c25eb0,0x00000000f1c80000)
  to   space 232960K, 0% used [0x00000000f1c80000,0x00000000f1c80000,0x0000000100000000)
 ParOldGen       total 1172480K, used 874980K [0x0000000080000000, 0x00000000c7900000, 0x00000000d5580000)
  object space 1172480K, 74% used [0x0000000080000000,0x00000000b56791f8,0x00000000c7900000)
 Metaspace       used 6617K, capacity 7384K, committed 7680K, reserved 1056768K
  class space    used 621K, capacity 656K, committed 768K, reserved 1048576K
Event: 21.398 GC heap after
Heap after GC invocations=35 (full 5):
 PSYoungGen      total 465920K, used 36240K [0x00000000d5580000, 0x0000000100000000, 0x0000000100000000)
  eden space 232960K, 0% used [0x00000000d5580000,0x00000000d5580000,0x00000000e3900000)
  from space 232960K, 15% used [0x00000000f1c80000,0x00000000f3fe4190,0x0000000100000000)
  to   space 232960K, 0% used [0x00000000e3900000,0x00000000e3900000,0x00000000f1c80000)
 ParOldGen       total 1172480K, used 909697K [0x0000000080000000, 0x00000000c7900000, 0x00000000d5580000)
  object space 1172480K, 77% used [0x0000000080000000,0x00000000b7860458,0x00000000c7900000)
 Metaspace       used 6617K, capacity 7384K, committed 7680K, reserved 1056768K
  class space    used 621K, capacity 656K, committed 768K, reserved 1048576K
}
Event: 21.816 GC heap before
{Heap before GC invocations=36 (full 5):
 PSYoungGen      total 465920K, used 269200K [0x00000000d5580000, 0x0000000100000000, 0x0000000100000000)
  eden space 232960K, 100% used [0x00000000d5580000,0x00000000e3900000,0x00000000e3900000)
  from space 232960K, 15% used [0x00000000f1c80000,0x00000000f3fe4190,0x0000000100000000)
  to   space 232960K, 0% used [0x00000000e3900000,0x00000000e3900000,0x00000000f1c80000)
 ParOldGen       total 1172480K, used 909697K [0x0000000080000000, 0x00000000c7900000, 0x00000000d5580000)
  object space 1172480K, 77% used [0x0000000080000000,0x00000000b7860458,0x00000000c7900000)
 Metaspace       used 6617K, capacity 7384K, committed 7680K, reserved 1056768K
  class space    used 621K, capacity 656K, committed 768K, reserved 1048576K
Event: 21.932 GC heap after
Heap after GC invocations=36 (full 5):
 PSYoungGen      total 465920K, used 37829K [0x00000000d5580000, 0x0000000100000000, 0x0000000100000000)
  eden space 232960K, 0% used [0x00000000d5580000,0x00000000d5580000,0x00000000e3900000)
  from space 232960K, 16% used [0x00000000e3900000,0x00000000e5df1450,0x00000000f1c80000)
  to   space 232960K, 0% used [0x00000000f1c80000,0x00000000f1c80000,0x0000000100000000)
 ParOldGen       total 1172480K, used 944645K [0x0000000080000000, 0x00000000c7900000, 0x00000000d5580000)
  object space 1172480K, 80% used [0x0000000080000000,0x00000000b9a81488,0x00000000c7900000)
 Metaspace       used 6617K, capacity 7384K, committed 7680K, reserved 1056768K
  class space    used 621K, capacity 656K, committed 768K, reserved 1048576K
}
Event: 22.879 GC heap before
{Heap before GC invocations=37 (full 5):
 PSYoungGen      total 465920K, used 270789K [0x00000000d5580000, 0x0000000100000000, 0x0000000100000000)
  eden space 232960K, 100% used [0x00000000d5580000,0x00000000e3900000,0x00000000e3900000)
  from space 232960K, 16% used [0x00000000e3900000,0x00000000e5df1450,0x00000000f1c80000)
  to   space 232960K, 0% used [0x00000000f1c80000,0x00000000f1c80000,0x0000000100000000)
 ParOldGen       total 1172480K, used 944645K [0x0000000080000000, 0x00000000c7900000, 0x00000000d5580000)
  object space 1172480K, 80% used [0x0000000080000000,0x00000000b9a81488,0x00000000c7900000)
 Metaspace       used 6876K, capacity 7672K, committed 7936K, reserved 1056768K
  class space    used 634K, capacity 688K, committed 768K, reserved 1048576K
Event: 23.010 GC heap after
Heap after GC invocations=37 (full 5):
 PSYoungGen      total 465920K, used 55580K [0x00000000d5580000, 0x0000000100000000, 0x0000000100000000)
  eden space 232960K, 0% used [0x00000000d5580000,0x00000000d5580000,0x00000000e3900000)
  from space 232960K, 23% used [0x00000000f1c80000,0x00000000f52c7230,0x0000000100000000)
  to   space 232960K, 0% used [0x00000000e3900000,0x00000000e3900000,0x00000000f1c80000)
 ParOldGen       total 1172480K, used 979219K [0x0000000080000000, 0x00000000c7900000, 0x00000000d5580000)
  object space 1172480K, 83% used [0x0000000080000000,0x00000000bbc44ee0,0x00000000c7900000)
 Metaspace       used 6876K, capacity 7672K, committed 7936K, reserved 1056768K
  class space    used 634K, capacity 688K, committed 768K, reserved 1048576K
}

