# JRE version: Java(TM) SE Runtime Environment (8.0_92-b14) (build 1.8.0_92-b14)
# Java VM: Java HotSpot(TM) 64-Bit Server VM (25.92-b14 mixed mode windows-amd64 compressed oops)
Heap:
 PSYoungGen      total 464384K, used 224821K [0x00000000d5580000, 0x00000000ffd00000, 0x0000000100000000)
  eden space 232960K, 64% used [0x00000000d5580000,0x00000000de906910,0x00000000e3900000)
  from space 231424K, 31% used [0x00000000f1b00000,0x00000000f6306b88,0x00000000ffd00000)
  to   space 37376K, 0% used [0x00000000e3900000,0x00000000e3900000,0x00000000e5d80000)
 ParOldGen       total 920576K, used 605237K [0x0000000080000000, 0x00000000b8300000, 0x00000000d5580000)
  object space 920576K, 65% used [0x0000000080000000,0x00000000a4f0d740,0x00000000b8300000)
 Metaspace       used 6530K, capacity 7320K, committed 7680K, reserved 1056768K
  class space    used 616K, capacity 656K, committed 768K, reserved 1048576K
GC Heap History (10 events):
Event: 12.739 GC heap before
{Heap before GC invocations=23 (full 4):
 PSYoungGen      total 465920K, used 352674K [0x00000000d5580000, 0x0000000100000000, 0x0000000100000000)
  eden space 232960K, 100% used [0x00000000d5580000,0x00000000e3900000,0x00000000e3900000)
  from space 232960K, 51% used [0x00000000f1c80000,0x00000000f9168890,0x0000000100000000)
  to   space 232960K, 0% used [0x00000000e3900000,0x00000000e3900000,0x00000000f1c80000)
 ParOldGen       total 779776K, used 649413K [0x0000000080000000, 0x00000000af980000, 0x00000000d5580000)
  object space 779776K, 83% used [0x0000000080000000,0x00000000a7a31658,0x00000000af980000)
 Metaspace       used 6527K, capacity 7320K, committed 7680K, reserved 1056768K
  class space    used 616K, capacity 656K, committed 768K, reserved 1048576K
Event: 12.787 GC heap after
Heap after GC invocations=23 (full 4):
 PSYoungGen      total 465920K, used 27933K [0x00000000d5580000, 0x0000000100000000, 0x0000000100000000)
  eden space 232960K, 0% used [0x00000000d5580000,0x00000000d5580000,0x00000000e3900000)
  from space 232960K, 11% used [0x00000000e3900000,0x00000000e5447650,0x00000000f1c80000)
  to   space 232960K, 0% used [0x00000000f1c80000,0x00000000f1c80000,0x0000000100000000)
 ParOldGen       total 779776K, used 679511K [0x0000000080000000, 0x00000000af980000, 0x00000000d5580000)
  object space 779776K, 87% used [0x0000000080000000,0x00000000a9795ec8,0x00000000af980000)
 Metaspace       used 6527K, capacity 7320K, committed 7680K, reserved 1056768K
  class space    used 616K, capacity 656K, committed 768K, reserved 1048576K
}
Event: 12.787 GC heap before
{Heap before GC invocations=24 (full 5):
 PSYoungGen      total 465920K, used 27933K [0x00000000d5580000, 0x0000000100000000, 0x0000000100000000)
  eden space 232960K, 0% used [0x00000000d5580000,0x00000000d5580000,0x00000000e3900000)
  from space 232960K, 11% used [0x00000000e3900000,0x00000000e5447650,0x00000000f1c80000)
  to   space 232960K, 0% used [0x00000000f1c80000,0x00000000f1c80000,0x0000000100000000)
 ParOldGen       total 779776K, used 679511K [0x0000000080000000, 0x00000000af980000, 0x00000000d5580000)
  object space 779776K, 87% used [0x0000000080000000,0x00000000a9795ec8,0x00000000af980000)
 Metaspace       used 6527K, capacity 7320K, committed 7680K, reserved 1056768K
  class space    used 616K, capacity 656K, committed 768K, reserved 1048576K
Event: 13.768 GC heap after
Heap after GC invocations=24 (full 5):
 PSYoungGen      total 465920K, used 0K [0x00000000d5580000, 0x0000000100000000, 0x0000000100000000)
  eden space 232960K, 0% used [0x00000000d5580000,0x00000000d5580000,0x00000000e3900000)
  from space 232960K, 0% used [0x00000000e3900000,0x00000000e3900000,0x00000000f1c80000)
  to   space 232960K, 0% used [0x00000000f1c80000,0x00000000f1c80000,0x0000000100000000)
 ParOldGen       total 920576K, used 575945K [0x0000000080000000, 0x00000000b8300000, 0x00000000d5580000)
  object space 920576K, 62% used [0x0000000080000000,0x00000000a3272650,0x00000000b8300000)
 Metaspace       used 6527K, capacity 7320K, committed 7680K, reserved 1056768K
  class space    used 616K, capacity 656K, committed 768K, reserved 1048576K
}
Event: 13.956 GC heap before
{Heap before GC invocations=25 (full 5):
 PSYoungGen      total 465920K, used 232960K [0x00000000d5580000, 0x0000000100000000, 0x0000000100000000)
  eden space 232960K, 100% used [0x00000000d5580000,0x00000000e3900000,0x00000000e3900000)
  from space 232960K, 0% used [0x00000000e3900000,0x00000000e3900000,0x00000000f1c80000)
  to   space 232960K, 0% used [0x00000000f1c80000,0x00000000f1c80000,0x0000000100000000)
 ParOldGen       total 920576K, used 575945K [0x0000000080000000, 0x00000000b8300000, 0x00000000d5580000)
  object space 920576K, 62% used [0x0000000080000000,0x00000000a3272650,0x00000000b8300000)
 Metaspace       used 6530K, capacity 7320K, committed 7680K, reserved 1056768K
  class space    used 616K, capacity 656K, committed 768K, reserved 1048576K
Event: 13.978 GC heap after
Heap after GC invocations=25 (full 5):
 PSYoungGen      total 465920K, used 30102K [0x00000000d5580000, 0x0000000100000000, 0x0000000100000000)
  eden space 232960K, 0% used [0x00000000d5580000,0x00000000d5580000,0x00000000e3900000)
  from space 232960K, 12% used [0x00000000f1c80000,0x00000000f39e5b28,0x0000000100000000)
  to   space 232960K, 0% used [0x00000000e3900000,0x00000000e3900000,0x00000000f1c80000)
 ParOldGen       total 920576K, used 575945K [0x0000000080000000, 0x00000000b8300000, 0x00000000d5580000)
  object space 920576K, 62% used [0x0000000080000000,0x00000000a3272650,0x00000000b8300000)
 Metaspace       used 6530K, capacity 7320K, committed 7680K, reserved 1056768K
  class space    used 616K, capacity 656K, committed 768K, reserved 1048576K
}
Event: 14.148 GC heap before
{Heap before GC invocations=26 (full 5):
 PSYoungGen      total 465920K, used 263062K [0x00000000d5580000, 0x0000000100000000, 0x0000000100000000)
  eden space 232960K, 100% used [0x00000000d5580000,0x00000000e3900000,0x00000000e3900000)
  from space 232960K, 12% used [0x00000000f1c80000,0x00000000f39e5b28,0x0000000100000000)
  to   space 232960K, 0% used [0x00000000e3900000,0x00000000e3900000,0x00000000f1c80000)
 ParOldGen       total 920576K, used 575945K [0x0000000080000000, 0x00000000b8300000, 0x00000000d5580000)
  object space 920576K, 62% used [0x0000000080000000,0x00000000a3272650,0x00000000b8300000)
 Metaspace       used 6530K, capacity 7320K, committed 7680K, reserved 1056768K
  class space    used 616K, capacity 656K, committed 768K, reserved 1048576K
Event: 14.206 GC heap after
Heap after GC invocations=26 (full 5):
 PSYoungGen      total 270336K, used 37301K [0x00000000d5580000, 0x00000000ffd00000, 0x0000000100000000)
  eden space 232960K, 0% used [0x00000000d5580000,0x00000000d5580000,0x00000000e3900000)
  from space 37376K, 99% used [0x00000000e3900000,0x00000000e5d6d5e8,0x00000000e5d80000)
  to   space 231424K, 0% used [0x00000000f1b00000,0x00000000f1b00000,0x00000000ffd00000)
 ParOldGen       total 920576K, used 605237K [0x0000000080000000, 0x00000000b8300000, 0x00000000d5580000)
  object space 920576K, 65% used [0x0000000080000000,0x00000000a4f0d740,0x00000000b8300000)
 Metaspace       used 6530K, capacity 7320K, committed 7680K, reserved 1056768K
  class space    used 616K, capacity 656K, committed 768K, reserved 1048576K
}
Event: 14.428 GC heap before
{Heap before GC invocations=27 (full 5):
 PSYoungGen      total 270336K, used 270261K [0x00000000d5580000, 0x00000000ffd00000, 0x0000000100000000)
  eden space 232960K, 100% used [0x00000000d5580000,0x00000000e3900000,0x00000000e3900000)
  from space 37376K, 99% used [0x00000000e3900000,0x00000000e5d6d5e8,0x00000000e5d80000)
  to   space 231424K, 0% used [0x00000000f1b00000,0x00000000f1b00000,0x00000000ffd00000)
 ParOldGen       total 920576K, used 605237K [0x0000000080000000, 0x00000000b8300000, 0x00000000d5580000)
  object space 920576K, 65% used [0x0000000080000000,0x00000000a4f0d740,0x00000000b8300000)
 Metaspace       used 6530K, capacity 7320K, committed 7680K, reserved 1056768K
  class space    used 616K, capacity 656K, committed 768K, reserved 1048576K
Event: 14.479 GC heap after
Heap after GC invocations=27 (full 5):
 PSYoungGen      total 464384K, used 73754K [0x00000000d5580000, 0x00000000ffd00000, 0x0000000100000000)
  eden space 232960K, 0% used [0x00000000d5580000,0x00000000d5580000,0x00000000e3900000)
  from space 231424K, 31% used [0x00000000f1b00000,0x00000000f6306b88,0x00000000ffd00000)
  to   space 37376K, 0% used [0x00000000e3900000,0x00000000e3900000,0x00000000e5d80000)
 ParOldGen       total 920576K, used 605237K [0x0000000080000000, 0x00000000b8300000, 0x00000000d5580000)
  object space 920576K, 65% used [0x0000000080000000,0x00000000a4f0d740,0x00000000b8300000)
 Metaspace       used 6530K, capacity 7320K, committed 7680K, reserved 1056768K
  class space    used 616K, capacity 656K, committed 768K, reserved 1048576K
}

