# JRE version: Java(TM) SE Runtime Environment (8.0_92-b14) (build 1.8.0_92-b14)
# Java VM: Java HotSpot(TM) 64-Bit Server VM (25.92-b14 mixed mode windows-amd64 compressed oops)
Heap:
 PSYoungGen      total 465920K, used 232960K [0x00000000d5580000, 0x0000000100000000, 0x0000000100000000)
  eden space 232960K, 100% used [0x00000000d5580000,0x00000000e3900000,0x00000000e3900000)
  from space 232960K, 0% used [0x00000000e3900000,0x00000000e3900000,0x00000000f1c80000)
  to   space 232960K, 0% used [0x00000000f1c80000,0x00000000f1c80000,0x0000000100000000)
 ParOldGen       total 864768K, used 580906K [0x0000000080000000, 0x00000000b4c80000, 0x00000000d5580000)
  object space 864768K, 67% used [0x0000000080000000,0x00000000a374a958,0x00000000b4c80000)
 Metaspace       used 6521K, capacity 7320K, committed 7680K, reserved 1056768K
  class space    used 616K, capacity 656K, committed 768K, reserved 1048576K
GC Heap History (10 events):
Event: 18.808 GC heap before
{Heap before GC invocations=22 (full 4):
 PSYoungGen      total 397312K, used 397174K [0x00000000d5580000, 0x0000000100000000, 0x0000000100000000)
  eden space 282112K, 100% used [0x00000000d5580000,0x00000000e6900000,0x00000000e6900000)
  from space 115200K, 99% used [0x00000000e6900000,0x00000000ed95da98,0x00000000ed980000)
  to   space 210944K, 0% used [0x00000000f3200000,0x00000000f3200000,0x0000000100000000)
 ParOldGen       total 705024K, used 551397K [0x0000000080000000, 0x00000000ab080000, 0x00000000d5580000)
  object space 705024K, 78% used [0x0000000080000000,0x00000000a1a796d8,0x00000000ab080000)
 Metaspace       used 6518K, capacity 7320K, committed 7680K, reserved 1056768K
  class space    used 616K, capacity 656K, committed 768K, reserved 1048576K
Event: 18.897 GC heap after
Heap after GC invocations=22 (full 4):
 PSYoungGen      total 445952K, used 168885K [0x00000000d5580000, 0x0000000100000000, 0x0000000100000000)
  eden space 235008K, 0% used [0x00000000d5580000,0x00000000d5580000,0x00000000e3b00000)
  from space 210944K, 80% used [0x00000000f3200000,0x00000000fd6ed668,0x0000000100000000)
  to   space 231936K, 0% used [0x00000000e3b00000,0x00000000e3b00000,0x00000000f1d80000)
 ParOldGen       total 705024K, used 551397K [0x0000000080000000, 0x00000000ab080000, 0x00000000d5580000)
  object space 705024K, 78% used [0x0000000080000000,0x00000000a1a796d8,0x00000000ab080000)
 Metaspace       used 6518K, capacity 7320K, committed 7680K, reserved 1056768K
  class space    used 616K, capacity 656K, committed 768K, reserved 1048576K
}
Event: 19.106 GC heap before
{Heap before GC invocations=23 (full 4):
 PSYoungGen      total 445952K, used 403893K [0x00000000d5580000, 0x0000000100000000, 0x0000000100000000)
  eden space 235008K, 100% used [0x00000000d5580000,0x00000000e3b00000,0x00000000e3b00000)
  from space 210944K, 80% used [0x00000000f3200000,0x00000000fd6ed668,0x0000000100000000)
  to   space 231936K, 0% used [0x00000000e3b00000,0x00000000e3b00000,0x00000000f1d80000)
 ParOldGen       total 705024K, used 551397K [0x0000000080000000, 0x00000000ab080000, 0x00000000d5580000)
  object space 705024K, 78% used [0x0000000080000000,0x00000000a1a796d8,0x00000000ab080000)
 Metaspace       used 6518K, capacity 7320K, committed 7680K, reserved 1056768K
  class space    used 616K, capacity 656K, committed 768K, reserved 1048576K
Event: 19.186 GC heap after
Heap after GC invocations=23 (full 4):
 PSYoungGen      total 408064K, used 172838K [0x00000000d5580000, 0x0000000100000000, 0x0000000100000000)
  eden space 235008K, 0% used [0x00000000d5580000,0x00000000d5580000,0x00000000e3b00000)
  from space 173056K, 99% used [0x00000000e3b00000,0x00000000ee3c9ad8,0x00000000ee400000)
  to   space 232960K, 0% used [0x00000000f1c80000,0x00000000f1c80000,0x0000000100000000)
 ParOldGen       total 705024K, used 551397K [0x0000000080000000, 0x00000000ab080000, 0x00000000d5580000)
  object space 705024K, 78% used [0x0000000080000000,0x00000000a1a796d8,0x00000000ab080000)
 Metaspace       used 6518K, capacity 7320K, committed 7680K, reserved 1056768K
  class space    used 616K, capacity 656K, committed 768K, reserved 1048576K
}
Event: 19.401 GC heap before
{Heap before GC invocations=24 (full 4):
 PSYoungGen      total 408064K, used 407846K [0x00000000d5580000, 0x0000000100000000, 0x0000000100000000)
  eden space 235008K, 100% used [0x00000000d5580000,0x00000000e3b00000,0x00000000e3b00000)
  from space 173056K, 99% used [0x00000000e3b00000,0x00000000ee3c9ad8,0x00000000ee400000)
  to   space 232960K, 0% used [0x00000000f1c80000,0x00000000f1c80000,0x0000000100000000)
 ParOldGen       total 705024K, used 551397K [0x0000000080000000, 0x00000000ab080000, 0x00000000d5580000)
  object space 705024K, 78% used [0x0000000080000000,0x00000000a1a796d8,0x00000000ab080000)
 Metaspace       used 6518K, capacity 7320K, committed 7680K, reserved 1056768K
  class space    used 616K, capacity 656K, committed 768K, reserved 1048576K
Event: 19.489 GC heap after
Heap after GC invocations=24 (full 4):
 PSYoungGen      total 465920K, used 125771K [0x00000000d5580000, 0x0000000100000000, 0x0000000100000000)
  eden space 232960K, 0% used [0x00000000d5580000,0x00000000d5580000,0x00000000e3900000)
  from space 232960K, 53% used [0x00000000f1c80000,0x00000000f9752ec0,0x0000000100000000)
  to   space 232960K, 0% used [0x00000000e3900000,0x00000000e3900000,0x00000000f1c80000)
 ParOldGen       total 705024K, used 590171K [0x0000000080000000, 0x00000000ab080000, 0x00000000d5580000)
  object space 705024K, 83% used [0x0000000080000000,0x00000000a4056d98,0x00000000ab080000)
 Metaspace       used 6518K, capacity 7320K, committed 7680K, reserved 1056768K
  class space    used 616K, capacity 656K, committed 768K, reserved 1048576K
}
Event: 19.818 GC heap before
{Heap before GC invocations=25 (full 4):
 PSYoungGen      total 465920K, used 358731K [0x00000000d5580000, 0x0000000100000000, 0x0000000100000000)
  eden space 232960K, 100% used [0x00000000d5580000,0x00000000e3900000,0x00000000e3900000)
  from space 232960K, 53% used [0x00000000f1c80000,0x00000000f9752ec0,0x0000000100000000)
  to   space 232960K, 0% used [0x00000000e3900000,0x00000000e3900000,0x00000000f1c80000)
 ParOldGen       total 705024K, used 590171K [0x0000000080000000, 0x00000000ab080000, 0x00000000d5580000)
  object space 705024K, 83% used [0x0000000080000000,0x00000000a4056d98,0x00000000ab080000)
 Metaspace       used 6520K, capacity 7320K, committed 7680K, reserved 1056768K
  class space    used 616K, capacity 656K, committed 768K, reserved 1048576K
Event: 19.868 GC heap after
Heap after GC invocations=25 (full 4):
 PSYoungGen      total 465920K, used 34947K [0x00000000d5580000, 0x0000000100000000, 0x0000000100000000)
  eden space 232960K, 0% used [0x00000000d5580000,0x00000000d5580000,0x00000000e3900000)
  from space 232960K, 15% used [0x00000000e3900000,0x00000000e5b20e50,0x00000000f1c80000)
  to   space 232960K, 0% used [0x00000000f1c80000,0x00000000f1c80000,0x0000000100000000)
 ParOldGen       total 705024K, used 624417K [0x0000000080000000, 0x00000000ab080000, 0x00000000d5580000)
  object space 705024K, 88% used [0x0000000080000000,0x00000000a61c8540,0x00000000ab080000)
 Metaspace       used 6520K, capacity 7320K, committed 7680K, reserved 1056768K
  class space    used 616K, capacity 656K, committed 768K, reserved 1048576K
}
Event: 19.868 GC heap before
{Heap before GC invocations=26 (full 5):
 PSYoungGen      total 465920K, used 34947K [0x00000000d5580000, 0x0000000100000000, 0x0000000100000000)
  eden space 232960K, 0% used [0x00000000d5580000,0x00000000d5580000,0x00000000e3900000)
  from space 232960K, 15% used [0x00000000e3900000,0x00000000e5b20e50,0x00000000f1c80000)
  to   space 232960K, 0% used [0x00000000f1c80000,0x00000000f1c80000,0x0000000100000000)
 ParOldGen       total 705024K, used 624417K [0x0000000080000000, 0x00000000ab080000, 0x00000000d5580000)
  object space 705024K, 88% used [0x0000000080000000,0x00000000a61c8540,0x00000000ab080000)
 Metaspace       used 6520K, capacity 7320K, committed 7680K, reserved 1056768K
  class space    used 616K, capacity 656K, committed 768K, reserved 1048576K
Event: 20.758 GC heap after
Heap after GC invocations=26 (full 5):
 PSYoungGen      total 465920K, used 0K [0x00000000d5580000, 0x0000000100000000, 0x0000000100000000)
  eden space 232960K, 0% used [0x00000000d5580000,0x00000000d5580000,0x00000000e3900000)
  from space 232960K, 0% used [0x00000000e3900000,0x00000000e3900000,0x00000000f1c80000)
  to   space 232960K, 0% used [0x00000000f1c80000,0x00000000f1c80000,0x0000000100000000)
 ParOldGen       total 864768K, used 580906K [0x0000000080000000, 0x00000000b4c80000, 0x00000000d5580000)
  object space 864768K, 67% used [0x0000000080000000,0x00000000a374a958,0x00000000b4c80000)
 Metaspace       used 6520K, capacity 7320K, committed 7680K, reserved 1056768K
  class space    used 616K, capacity 656K, committed 768K, reserved 1048576K
}

